make.exe all --print-data-base --no-builtin-variables --no-builtin-rules --question

# Make data base, printed on Mon Oct 03 15:56:27 2022

# Variables

# environment
LC_ALL = C
# environment
ORIGINAL_XDG_CURRENT_DESKTOP = undefined
# environment
COMMONPROGRAMW6432 = C:\Program Files\Common Files
# environment
PROMPT = $P$G
# environment
VSCODE_AMD_ENTRYPOINT = vs/workbench/api/node/extensionHostProcess
# environment
LOGONSERVER = \\DESKTOP-CD8GBG4
# environment
OCULUSBASE = C:\Program Files\Oculus\
# environment
COMSPEC = C:\WINDOWS\system32\cmd.exe
# environment
USERNAME = Admin
# environment
DRIVERDATA = C:\Windows\System32\Drivers\DriverData
# environment
PROGRAMW6432 = C:\Program Files
# environment
NUMBER_OF_PROCESSORS = 16
# environment
OS = Windows_NT
# environment
HOMEPATH = \Users\Admin
# environment
VBOX_MSI_INSTALL_PATH = C:\Program Files\Oracle\VirtualBox\
# environment
VSCODE_NLS_CONFIG = {"locale":"en-us","availableLanguages":{},"_languagePackSupport":true}
# environment
VSCODE_HANDLES_UNCAUGHT_ERRORS = true
# environment
VSCODE_PID = 15384
# environment
NEKO_INSTPATH = C:\HaxeToolkit\neko
# environment
TMP = C:\Users\Admin\AppData\Local\Temp
# environment
PROCESSOR_ARCHITECTURE = x86
# environment
USERDOMAIN_ROAMINGPROFILE = DESKTOP-CD8GBG4
# environment
PROCESSOR_ARCHITEW6432 = AMD64
# environment
PATHEXT = .COM;.EXE;.BAT;.CMD;.VBS;.VBE;.JS;.JSE;.WSF;.WSH;.MSC
# environment
SYSTEMROOT = C:\WINDOWS
# environment
ALLUSERSPROFILE = C:\ProgramData
# environment
RIMONTOS = C:\RimontOS\RimontOS 5.1\RimontOS-5_1\Rimont OS 5.1
# environment
LOCALAPPDATA = C:\Users\Admin\AppData\Local
# environment
COMMONPROGRAMFILES(X86) = C:\Program Files (x86)\Common Files
# environment
HAXEPATH = C:\HaxeToolkit\haxe
# environment
FPS_BROWSER_APP_PROFILE_STRING = Internet Explorer
# environment
HOMEDRIVE = C:
# environment
Path = C:\Program Files (x86)\VMware\VMware Player\bin\;C:\Program Files\Oculus\Support\oculus-runtime;C:\Program Files\AdoptOpenJDK\jdk-11.0.7.10-hotspot\bin;C:\Program Files (x86)\Common Files\Oracle\Java\javapath;C:\ProgramData\Oracle\Java\javapath;C:\Windows\system32;C:\Windows;C:\Windows\System32\Wbem;C:\Windows\System32\WindowsPowerShell\v1.0\;C:\WINDOWS\system32;C:\WINDOWS;C:\WINDOWS\System32\Wbem;C:\WINDOWS\System32\WindowsPowerShell\v1.0\;C:\WINDOWS\System32\OpenSSH\;C:\Program Files (x86)\AMD\ATI.ACE\Core-Static;C:\SH;C:\NSH;C:\Users\username\AppData\Local\Programs\Python\Python36-32\Scripts;C:\Users\Admin\AppData\Local\Packages\PythonSoftwareFoundation.Python.3.9_qbz5n2kfra8p0\LocalCache\local-packages\Python39\Scripts;C:\Program Files\NVIDIA Corporation\NVIDIA NvDLISR;C:\WINDOWS\system32;C:\WINDOWS;C:\WINDOWS\System32\Wbem;C:\WINDOWS\System32\WindowsPowerShell\v1.0\;C:\WINDOWS\System32\OpenSSH\;C:\HaxeToolkit\haxe;C:\HaxeToolkit\neko;C:\Program Files\NASM;C:\Program Files\qemu;C:\Program Files\dotnet\;C:\Program Files (x86)\Google\Chrome\Application;C:\Program Files\Java\jdk.1.8.0_102\bin;C:\Program Files (x86)\NVIDIA Corporation\PhysX\Common;C:\Program Files\nodejs\;C:\Program Files\Git\cmd;C:\Program Files (x86)\dotnet\;C:\Program Files\Docker\Docker\resources\bin;C:\ProgramData\DockerDesktop\version-bin;C:\Users\Admin\AppData\Local\Programs\Python\Python39\Scripts\;C:\Users\Admin\AppData\Local\Programs\Python\Python39\;C:\Users\Admin\AppData\Local\Microsoft\WindowsApps;C:\Users\Admin\AppData\Local\Programs\Microsoft VS Code\bin;C:\SH;C:\Program Files\heroku\bin;C:\Users\Admin\AppData\Local\GitHubDesktop\bin;C:\Users\Admin\AppData\Local\Microsoft\WindowsApps;C:\Users\Admin\Desktop\botmgr;C:\Users\Admin\.dotnet\tools;C:\Users\Admin\AppData\Roaming\npm
# environment
VSCODE_CODE_CACHE_PATH = C:\Users\Admin\AppData\Roaming\Code\CachedData\74b1f979648cc44d385a2286793c226e611f59e7
# environment
USERDOMAIN = DESKTOP-CD8GBG4
# environment
PROGRAMFILES = C:\Program Files (x86)
# environment
VS140COMNTOOLS = C:\Program Files (x86)\Microsoft Visual Studio 14.0\Common7\Tools\
# environment
SESSIONNAME = Console
# environment
ONEDRIVE = C:\Users\Admin\OneDrive
# environment
CHROME_CRASHPAD_PIPE_NAME = \\.\pipe\crashpad_15384_HWYSJOWKMKSBZAEF
# environment
ANDROID_HOME = C:\Users\Admin\AppData\Local\Android\
# environment
COMPUTERNAME = DESKTOP-CD8GBG4
# environment
LANG = C
# environment
COMMONPROGRAMFILES = C:\Program Files (x86)\Common Files
# environment
TEMP = C:\Users\Admin\AppData\Local\Temp
# environment
PROCESSOR_LEVEL = 23
# environment
USERPROFILE = C:\Users\Admin
# environment
VSCODE_CWD = C:\Users\Admin\AppData\Local\Programs\Microsoft VS Code
# environment
APPDATA = C:\Users\Admin\AppData\Roaming
# environment
PROCESSOR_REVISION = 0802
# environment
PSMODULEPATH = C:\Program Files\WindowsPowerShell\Modules;C:\WINDOWS\system32\WindowsPowerShell\v1.0\Modules
# environment
JDK_HOME = C:\Program Files\Java\jdk-11.0.7
# environment
PUBLIC = C:\Users\Public
# environment
ELECTRON_RUN_AS_NODE = 1
# environment
PROGRAMDATA = C:\ProgramData
# environment
SYSTEMDRIVE = C:
# environment
PROGRAMFILES(X86) = C:\Program Files (x86)
# environment
WINDIR = C:\WINDOWS
# default
MAKECMDGOALS := all
# environment
VSCODE_IPC_HOOK = \\.\pipe\1fa9692ca970862365dc969f915639a2-1.71.2-main-sock
# environment
PATH = C:\Program Files (x86)\VMware\VMware Player\bin\;C:\Program Files\Oculus\Support\oculus-runtime;C:\Program Files\AdoptOpenJDK\jdk-11.0.7.10-hotspot\bin;C:\Program Files (x86)\Common Files\Oracle\Java\javapath;C:\ProgramData\Oracle\Java\javapath;C:\Windows\system32;C:\Windows;C:\Windows\System32\Wbem;C:\Windows\System32\WindowsPowerShell\v1.0\;C:\WINDOWS\system32;C:\WINDOWS;C:\WINDOWS\System32\Wbem;C:\WINDOWS\System32\WindowsPowerShell\v1.0\;C:\WINDOWS\System32\OpenSSH\;C:\Program Files (x86)\AMD\ATI.ACE\Core-Static;C:\SH;C:\NSH;C:\Users\username\AppData\Local\Programs\Python\Python36-32\Scripts;C:\Users\Admin\AppData\Local\Packages\PythonSoftwareFoundation.Python.3.9_qbz5n2kfra8p0\LocalCache\local-packages\Python39\Scripts;C:\Program Files\NVIDIA Corporation\NVIDIA NvDLISR;C:\WINDOWS\system32;C:\WINDOWS;C:\WINDOWS\System32\Wbem;C:\WINDOWS\System32\WindowsPowerShell\v1.0\;C:\WINDOWS\System32\OpenSSH\;C:\HaxeToolkit\haxe;C:\HaxeToolkit\neko;C:\Program Files\NASM;C:\Program Files\qemu;C:\Program Files\dotnet\;C:\Program Files (x86)\Google\Chrome\Application;C:\Program Files\Java\jdk.1.8.0_102\bin;C:\Program Files (x86)\NVIDIA Corporation\PhysX\Common;C:\Program Files\nodejs\;C:\Program Files\Git\cmd;C:\Program Files (x86)\dotnet\;C:\Program Files\Docker\Docker\resources\bin;C:\ProgramData\DockerDesktop\version-bin;C:\Users\Admin\AppData\Local\Programs\Python\Python39\Scripts\;C:\Users\Admin\AppData\Local\Programs\Python\Python39\;C:\Users\Admin\AppData\Local\Microsoft\WindowsApps;C:\Users\Admin\AppData\Local\Programs\Microsoft VS Code\bin;C:\SH;C:\Program Files\heroku\bin;C:\Users\Admin\AppData\Local\GitHubDesktop\bin;C:\Users\Admin\AppData\Local\Microsoft\WindowsApps;C:\Users\Admin\Desktop\botmgr;C:\Users\Admin\.dotnet\tools;C:\Users\Admin\AppData\Roaming\npm
# environment
PROCESSOR_IDENTIFIER = AMD64 Family 23 Model 8 Stepping 2, AuthenticAMD
# environment
VBOX_HWVIRTEX_IGNORE_SVM_IN_USE = 1
# environment
JAVA_HOME = C:\Program Files\Java\jdk-11.0.7
# environment
FPS_BROWSER_USER_PROFILE_STRING = Default
# environment
DISCORDBOT = C:\Users\Admin\Desktop\Desktop\discord bots\Twen\twen\discordbot
# environment
APPLICATION_INSIGHTS_NO_DIAGNOSTIC_CHANNEL = 1
# 67 variables in 523 hash buckets.
# average of 0.1 variables per bucket, max 2 in one bucket.

# Directories


# No files, no impossibilities in 0 directories.

# Implicit Rules

# No implicit rules.

# Files

# Not a target:
all:
#  Command-line target.
#  Implicit rule search has not been done.
#  Modification time never checked.
#  File has not been updated.

# 1 files in 1007 hash buckets.
# average 0.1 files per bucket, max 1 files in one bucket.

# VPATH Search Paths

# No `vpath' search paths.

# No general (`VPATH' variable) search path.

# Finished Make data base on Mon Oct 03 15:56:27 2022

 
make.exe: unrecognized option `--no-builtin-variables'
Usage: make.exe [options] [target] ...
Options:
  -b, -m                      Ignored for compatibility.
  -C DIRECTORY, --directory=DIRECTORY
                              Change to DIRECTORY before doing anything.
  -d, --debug                 Print lots of debugging information.
  -D, --suspend-for-debug     Suspend process to allow a debugger to attach.
  -e, --environment-overrides
                              Environment variables override makefiles.
  -f FILE, --file=FILE, --makefile=FILE
                              Read FILE as a makefile.
  -h, --help                  Print this message and exit.
  -i, --ignore-errors         Ignore errors from commands.
  -I DIRECTORY, --include-dir=DIRECTORY
                              Search DIRECTORY for included makefiles.
  -j [N], --jobs[=N]          Allow N jobs at once; infinite jobs with no arg.
  -k, --keep-going            Keep going when some targets can't be made.
  -l [N], --load-average[=N], --max-load[=N]
                              Don't start multiple jobs unless load is below N.
  -n, --just-print, --dry-run, --recon
                              Don't actually run any commands; just print them.
  -o FILE, --old-file=FILE, --assume-old=FILE
                              Consider FILE to be very old and don't remake it.
  -p, --print-data-base       Print make's internal database.
  -q, --question              Run no commands; exit status says if up to date.
  -r, --no-builtin-rules      Disable the built-in implicit rules.
  -s, --silent, --quiet       Don't echo commands.
  -S, --no-keep-going, --stop
                              Turns off -k.
  -t, --touch                 Touch targets instead of remaking them.
  -v, --version               Print the version number of make and exit.
  -w, --print-directory       Print the current directory.
  --no-print-directory        Turn off -w, even if it was turned on implicitly.
  -W FILE, --what-if=FILE, --new-file=FILE, --assume-new=FILE
                              Consider FILE to be infinitely new.
  --warn-undefined-variables  Warn when an undefined variable is referenced.

